#
# There is insufficient memory for the Java Runtime Environment to continue.
# Native memory allocation (malloc) failed to allocate 1132736 bytes for Chunk::new
# Possible reasons:
#   The system is out of physical RAM or swap space
#   The process is running with CompressedOops enabled, and the Java Heap may be blocking the growth of the native heap
# Possible solutions:
#   Reduce memory load on the system
#   Increase physical memory or swap space
#   Check if swap backing store is full
#   Decrease Java heap size (-Xmx/-Xms)
#   Decrease number of Java threads
#   Decrease Java thread stack sizes (-Xss)
#   Set larger code cache with -XX:ReservedCodeCacheSize=
#   JVM is running with Unscaled Compressed Oops mode in which the Java heap is
#     placed in the first 4GB address space. The Java Heap base address is the
#     maximum limit for the native heap growth. Please use -XX:HeapBaseMinAddress
#     to set the Java Heap base and to place the Java Heap above 4GB virtual address.
# This output file may be truncated or incomplete.
#
#  Out of Memory Error (allocation.cpp:389), pid=27508, tid=0x000000000000640c
#
# JRE version: OpenJDK Runtime Environment (8.0_212-b04) (build 1.8.0_212-release-1586-b04)
# Java VM: OpenJDK 64-Bit Server VM (25.212-b04 mixed mode windows-amd64 compressed oops)
# Failed to write core dump. Minidumps are not enabled by default on client versions of Windows
#

---------------  T H R E A D  ---------------

Current thread (0x0000000017fd9800):  JavaThread "C2 CompilerThread0" daemon [_thread_in_native, id=25612, stack(0x00000000188b0000,0x00000000189b0000)]

Stack: [0x00000000188b0000,0x00000000189b0000]
[error occurred during error reporting (printing stack bounds), id 0xc0000005]

Native frames: (J=compiled Java code, j=interpreted, Vv=VM code, C=native code)


Current CompileTask:
C2:15414377 26161       4       com.android.builder.symbols.BytecodeRClassWriterKt::generateResourceTypeClass (595 bytes)


---------------  P R O C E S S  ---------------

Java Threads: ( => current thread )
  0x000000001964a000 JavaThread "WorkerExecutor Queue Thread 8" [_thread_blocked, id=13660, stack(0x0000000034ff0000,0x00000000350f0000)]
  0x0000000019648800 JavaThread "Cache worker for Java compile cache (E:\KAMPUS\SEMESTER 6\PAM\TUBES\BerantasCovid19\.gradle\5.6.4\javaCompile)" [_thread_blocked, id=24388, stack(0x0000000034ef0000,0x0000000034ff0000)]
  0x0000000019648000 JavaThread "WorkerExecutor Queue Thread 7" [_thread_in_native, id=18084, stack(0x0000000034df0000,0x0000000034ef0000)]
  0x000000001964d000 JavaThread "WorkerExecutor Queue Thread 6" [_thread_in_native, id=6248, stack(0x0000000034cf0000,0x0000000034df0000)]
  0x000000001964c800 JavaThread "stdout" [_thread_in_native, id=25732, stack(0x0000000034bf0000,0x0000000034cf0000)]
  0x000000001964b800 JavaThread "stderr" [_thread_in_native, id=14308, stack(0x0000000034af0000,0x0000000034bf0000)]
  0x000000001f6ec800 JavaThread "stdout" [_thread_in_native, id=13720, stack(0x00000000343f0000,0x00000000344f0000)]
  0x000000001f6e9000 JavaThread "stderr" [_thread_in_native, id=7356, stack(0x00000000342f0000,0x00000000343f0000)]
  0x000000001f6ed800 JavaThread "stdout" [_thread_in_native, id=17104, stack(0x00000000341f0000,0x00000000342f0000)]
  0x000000001f6ef800 JavaThread "stderr" [_thread_in_native, id=1768, stack(0x0000000032120000,0x0000000032220000)]
  0x000000001f6eb000 JavaThread "stdout" [_thread_in_native, id=536, stack(0x0000000032020000,0x0000000032120000)]
  0x000000001f6ef000 JavaThread "stderr" [_thread_in_native, id=14052, stack(0x0000000031f20000,0x0000000032020000)]
  0x000000001f6e1800 JavaThread "stdout" [_thread_in_native, id=4264, stack(0x0000000031e20000,0x0000000031f20000)]
  0x000000001f6e8000 JavaThread "stderr" [_thread_in_native, id=7340, stack(0x0000000031b00000,0x0000000031c00000)]
  0x000000001f6e4800 JavaThread "WorkerExecutor Queue Thread 5" [_thread_blocked, id=28440, stack(0x0000000031a00000,0x0000000031b00000)]
  0x000000001f6e0800 JavaThread "pool-24-thread-1" [_thread_blocked, id=12756, stack(0x0000000031900000,0x0000000031a00000)]
  0x000000001f6e7800 JavaThread "WorkerExecutor Queue Thread 4" [_thread_blocked, id=9880, stack(0x0000000031800000,0x0000000031900000)]
  0x000000001f6e6800 JavaThread "WorkerExecutor Queue Thread 3" [_thread_in_native, id=3400, stack(0x0000000031700000,0x0000000031800000)]
  0x000000001f6e3000 JavaThread "WorkerExecutor Queue Thread 2" [_thread_blocked, id=14880, stack(0x0000000031600000,0x0000000031700000)]
  0x000000001b2ce000 JavaThread "WorkerExecutor Queue" [_thread_in_Java, id=18040, stack(0x0000000031500000,0x0000000031600000)]
  0x000000001b2cf000 JavaThread "Cache worker for execution history cache (E:\KAMPUS\SEMESTER 6\PAM\TUBES\BerantasCovid19\.gradle\5.6.4\executionHistory)" [_thread_blocked, id=10832, stack(0x0000000031400000,0x0000000031500000)]
  0x000000001b2cb000 JavaThread "Execution worker for ':' Thread 7" [_thread_blocked, id=11916, stack(0x0000000031300000,0x0000000031400000)]
  0x000000001b2c3800 JavaThread "Execution worker for ':' Thread 6" [_thread_blocked, id=16260, stack(0x0000000031200000,0x0000000031300000)]
  0x000000001b2c2000 JavaThread "Execution worker for ':' Thread 5" [_thread_blocked, id=14548, stack(0x0000000031100000,0x0000000031200000)]
  0x000000001b2c9000 JavaThread "Execution worker for ':' Thread 4" [_thread_blocked, id=18640, stack(0x0000000031000000,0x0000000031100000)]
  0x000000001b2c0800 JavaThread "Execution worker for ':' Thread 3" [_thread_blocked, id=11952, stack(0x0000000030f00000,0x0000000031000000)]
  0x000000001b2c6800 JavaThread "Execution worker for ':' Thread 2" [_thread_blocked, id=24332, stack(0x0000000030e00000,0x0000000030f00000)]
  0x000000001b2c5000 JavaThread "Execution worker for ':'" [_thread_blocked, id=15156, stack(0x0000000030d00000,0x0000000030e00000)]
  0x000000001b2c7800 JavaThread "Cache worker for file content cache (E:\KAMPUS\SEMESTER 6\PAM\TUBES\BerantasCovid19\.gradle\5.6.4\fileContent)" [_thread_blocked, id=16964, stack(0x0000000030c00000,0x0000000030d00000)]
  0x000000001b2c4800 JavaThread "Cache worker for Build Output Cleanup Cache (E:\KAMPUS\SEMESTER 6\PAM\TUBES\BerantasCovid19\.gradle\buildOutputCleanup)" [_thread_blocked, id=460, stack(0x0000000030900000,0x0000000030a00000)]
  0x000000001b2c1800 JavaThread "pool-23-thread-1" [_thread_blocked, id=19844, stack(0x000000002e5e0000,0x000000002e6e0000)]
  0x000000002a206000 JavaThread "Build operations Thread 8" [_thread_blocked, id=21292, stack(0x000000002c310000,0x000000002c410000)]
  0x000000002a204800 JavaThread "Build operations Thread 7" [_thread_blocked, id=21840, stack(0x000000002be10000,0x000000002bf10000)]
  0x000000002a203800 JavaThread "Build operations Thread 6" [_thread_blocked, id=22476, stack(0x0000000027ad0000,0x0000000027bd0000)]
  0x000000002a202000 JavaThread "Build operations Thread 5" [_thread_blocked, id=13456, stack(0x00000000272f0000,0x00000000273f0000)]
  0x000000002a200000 JavaThread "Build operations Thread 4" [_thread_blocked, id=17220, stack(0x0000000025dd0000,0x0000000025ed0000)]
  0x000000002a1ff000 JavaThread "Build operations Thread 3" [_thread_blocked, id=7712, stack(0x00000000242b0000,0x00000000243b0000)]
  0x000000002a200800 JavaThread "Build operations Thread 2" [_thread_blocked, id=23624, stack(0x0000000023db0000,0x0000000023eb0000)]
  0x000000002a201800 JavaThread "Build operations" [_thread_blocked, id=21428, stack(0x0000000023270000,0x0000000023370000)]
  0x000000002a1fe800 JavaThread "Cache worker for cache directory md-rule (C:\Users\BANY A7X\.gradle\caches\5.6.4\md-rule)" [_thread_blocked, id=21100, stack(0x0000000022f70000,0x0000000023070000)]
  0x000000002a205000 JavaThread "Cache worker for cache directory md-supplier (C:\Users\BANY A7X\.gradle\caches\5.6.4\md-supplier)" [_thread_blocked, id=16112, stack(0x0000000022a70000,0x0000000022b70000)]
  0x000000002a1f7000 JavaThread "Cache worker for file hash cache (E:\KAMPUS\SEMESTER 6\PAM\TUBES\BerantasCovid19\.gradle\5.6.4\fileHashes)" [_thread_blocked, id=14904, stack(0x0000000021ef0000,0x0000000021ff0000)]
  0x000000002a1fd000 JavaThread "Thread-297" [_thread_blocked, id=13152, stack(0x0000000021cf0000,0x0000000021df0000)]
  0x000000002a1fa000 JavaThread "Stdin handler" [_thread_blocked, id=12748, stack(0x000000001f370000,0x000000001f470000)]
  0x000000002a1f9000 JavaThread "Asynchronous log dispatcher for DefaultDaemonConnection: socket connection from /127.0.0.1:21037 to /127.0.0.1:23289" [_thread_blocked, id=7232, stack(0x000000001f070000,0x000000001f170000)]
  0x000000002a1fb800 JavaThread "Daemon worker Thread 8" [_thread_blocked, id=21900, stack(0x000000001c5d0000,0x000000001c6d0000)]
  0x000000002a1f8800 JavaThread "Cancel handler" [_thread_blocked, id=13636, stack(0x000000001c0d0000,0x000000001c1d0000)]
  0x000000002a1fa800 JavaThread "Handler for socket connection from /127.0.0.1:21037 to /127.0.0.1:23289" [_thread_in_native, id=13772, stack(0x000000001bfd0000,0x000000001c0d0000)]
  0x000000002a1fd800 JavaThread "Daemon Thread 8" [_thread_blocked, id=8540, stack(0x0000000000630000,0x0000000000730000)]
  0x0000000019646800 JavaThread "Cache worker for Java compile cache (C:\Users\BANY A7X\.gradle\caches\5.6.4\javaCompile)" [_thread_blocked, id=27428, stack(0x000000002bd10000,0x000000002be10000)]
  0x000000001b2ca800 JavaThread "Cache worker for file content cache (C:\Users\BANY A7X\.gradle\caches\5.6.4\fileContent)" [_thread_blocked, id=28432, stack(0x0000000023cb0000,0x0000000023db0000)]
  0x000000001b2c9800 JavaThread "Memory manager" [_thread_blocked, id=28020, stack(0x0000000023570000,0x0000000023670000)]
  0x000000001aafa800 JavaThread "Cache worker for execution history cache (C:\Users\BANY A7X\.gradle\caches\5.6.4\executionHistory)" [_thread_blocked, id=27600, stack(0x0000000021df0000,0x0000000021ef0000)]
  0x000000001aafc000 JavaThread "Cache worker for journal cache (C:\Users\BANY A7X\.gradle\caches\journal-1)" [_thread_blocked, id=9364, stack(0x000000001cdd0000,0x000000001ced0000)]
  0x000000001aaff800 JavaThread "File lock request listener" [_thread_in_native, id=21372, stack(0x000000001ccd0000,0x000000001cdd0000)]
  0x000000001aad0800 JavaThread "Cache worker for file hash cache (C:\Users\BANY A7X\.gradle\caches\5.6.4\fileHashes)" [_thread_blocked, id=26224, stack(0x000000001cbd0000,0x000000001ccd0000)]
  0x0000000019b6f000 JavaThread "Daemon periodic checks" [_thread_blocked, id=25960, stack(0x000000001bed0000,0x000000001bfd0000)]
  0x0000000019b6e000 JavaThread "Incoming local TCP Connector on port 21037" [_thread_in_native, id=23176, stack(0x000000001bc90000,0x000000001bd90000)]
  0x000000001a8b3800 JavaThread "Daemon health stats" [_thread_blocked, id=13256, stack(0x000000001b650000,0x000000001b750000)]
  0x0000000018084800 JavaThread "Service Thread" daemon [_thread_blocked, id=26612, stack(0x0000000018cb0000,0x0000000018db0000)]
  0x0000000017ffc800 JavaThread "C1 CompilerThread3" daemon [_thread_blocked, id=25524, stack(0x0000000018bb0000,0x0000000018cb0000)]
  0x0000000017fef000 JavaThread "C2 CompilerThread2" daemon [_thread_in_native, id=23516, stack(0x0000000018ab0000,0x0000000018bb0000)]
  0x0000000017fdf800 JavaThread "C2 CompilerThread1" daemon [_thread_in_vm, id=22176, stack(0x00000000189b0000,0x0000000018ab0000)]
=>0x0000000017fd9800 JavaThread "C2 CompilerThread0" daemon [_thread_in_native, id=25612, stack(0x00000000188b0000,0x00000000189b0000)]
  0x0000000017fd7800 JavaThread "Attach Listener" daemon [_thread_blocked, id=11848, stack(0x00000000187b0000,0x00000000188b0000)]
  0x00000000161de800 JavaThread "Signal Dispatcher" daemon [_thread_blocked, id=14896, stack(0x00000000186b0000,0x00000000187b0000)]
  0x0000000002369000 JavaThread "Finalizer" daemon [_thread_blocked, id=25464, stack(0x00000000184b0000,0x00000000185b0000)]
  0x0000000017fd0800 JavaThread "Reference Handler" daemon [_thread_blocked, id=27928, stack(0x00000000183b0000,0x00000000184b0000)]
  0x0000000002272800 JavaThread "main" [_thread_blocked, id=13056, stack(0x00000000009b0000,0x0000000000ab0000)]

Other Threads:
  0x00000000161c6000 VMThread [stack: 0x0000000017eb0000,0x0000000017fb0000] [id=10560]
  0x0000000018085800 WatcherThread [stack: 0x0000000018db0000,0x0000000018eb0000] [id=26796]

VM state:not at safepoint (normal execution)

VM Mutex/Monitor currently owned by a thread:  ([mutex/lock_event])
[0x0000000002270150] CompiledIC_lock - owner thread: 0x0000000000000000

heap address: 0x00000000a0000000, size: 1536 MB, Compressed Oops mode: 32-bit
Narrow klass base: 0x0000000000000000, Narrow klass shift: 3
Compressed class space size: 1073741824 Address: 0x0000000100000000

Heap:
 PSYoungGen      total 434688K, used 171658K [0x00000000e0000000, 0x0000000100000000, 0x0000000100000000)
  eden space 342528K, 43% used [0x00000000e0000000,0x00000000e90cc7d8,0x00000000f4e80000)
  from space 92160K, 25% used [0x00000000fa600000,0x00000000fbcd6108,0x0000000100000000)
  to   space 89600K, 0% used [0x00000000f4e80000,0x00000000f4e80000,0x00000000fa600000)
 ParOldGen       total 651264K, used 101261K [0x00000000a0000000, 0x00000000c7c00000, 0x00000000e0000000)
  object space 651264K, 15% used [0x00000000a0000000,0x00000000a62e3448,0x00000000c7c00000)
 Metaspace       used 164554K, capacity 172548K, committed 173696K, reserved 1200128K
  class space    used 21489K, capacity 22963K, committed 23168K, reserved 1048576K

Card table byte_map: [0x00000000117d0000,0x0000000011ae0000] byte_map_base: 0x00000000112d0000

Marking Bits: (ParMarkBitMap*) 0x00000000518f9f30
 Begin Bits: [0x00000000124e0000, 0x0000000013ce0000)
 End Bits:   [0x0000000013ce0000, 0x00000000154e0000)

Polling page: 0x0000000000450000

CodeCache: size=245760Kb used=68240Kb max_used=68257Kb free=177519Kb
 bounds [0x0000000002410000, 0x0000000006720000, 0x0000000011410000]
 total_blobs=21224 nmethods=20287 adapters=848
 compilation: enabled

Compilation events (10 events):
Event: 15414.370 Thread 0x0000000017ffc800 nmethod 26313 0x0000000006701810 code [0x0000000006701960, 0x0000000006701af0]
Event: 15414.370 Thread 0x0000000017ffc800 26314       2       com.google.common.io.ByteStreams::toByteArrayInternal (119 bytes)
Event: 15414.371 Thread 0x0000000017ffc800 nmethod 26314 0x0000000006701b90 code [0x0000000006701d60, 0x0000000006702278]
Event: 15414.373 Thread 0x0000000017ffc800 26315       2       com.android.tools.r8.origin.ArchiveEntryOrigin::<init> (11 bytes)
Event: 15414.374 Thread 0x0000000017ffc800 nmethod 26315 0x0000000006702510 code [0x0000000006702660, 0x00000000067027d0]
Event: 15414.374 Thread 0x0000000017ffc800 26316       2       com.android.builder.dexing.D8DexArchiveBuilder$$Lambda$1919/777192405::accept (16 bytes)
Event: 15414.375 Thread 0x0000000017ffc800 nmethod 26316 0x0000000006702850 code [0x0000000006702a60, 0x0000000006703118]
Event: 15414.375 Thread 0x0000000017ffc800 26317       2       com.android.builder.dexing.D8DexArchiveBuilder::lambda$convert$0 (19 bytes)
Event: 15414.376 Thread 0x0000000017ffc800 nmethod 26317 0x0000000006703c50 code [0x0000000006703e40, 0x0000000006704668]
Event: 15414.376 Thread 0x0000000017ffc800 26318   !   2       com.android.builder.dexing.D8DexArchiveBuilder::readAllBytes (17 bytes)

GC Heap History (10 events):
Event: 8027.838 GC heap before
{Heap before GC invocations=21 (full 4):
 PSYoungGen      total 453120K, used 450215K [0x00000000e0000000, 0x0000000100000000, 0x0000000100000000)
  eden space 399360K, 100% used [0x00000000e0000000,0x00000000f8600000,0x00000000f8600000)
  from space 53760K, 94% used [0x00000000fc100000,0x00000000ff2a9ee0,0x00000000ff580000)
  to   space 60416K, 0% used [0x00000000f8600000,0x00000000f8600000,0x00000000fc100000)
 ParOldGen       total 487936K, used 49364K [0x00000000a0000000, 0x00000000bdc80000, 0x00000000e0000000)
  object space 487936K, 10% used [0x00000000a0000000,0x00000000a3035258,0x00000000bdc80000)
 Metaspace       used 137578K, capacity 144850K, committed 145024K, reserved 1175552K
  class space    used 17939K, capacity 19283K, committed 19328K, reserved 1048576K
Event: 8028.047 GC heap after
Heap after GC invocations=21 (full 4):
 PSYoungGen      total 459776K, used 60396K [0x00000000e0000000, 0x0000000100000000, 0x0000000100000000)
  eden space 399360K, 0% used [0x00000000e0000000,0x00000000e0000000,0x00000000f8600000)
  from space 60416K, 99% used [0x00000000f8600000,0x00000000fc0fb058,0x00000000fc100000)
  to   space 64512K, 0% used [0x00000000fc100000,0x00000000fc100000,0x0000000100000000)
 ParOldGen       total 487936K, used 69438K [0x00000000a0000000, 0x00000000bdc80000, 0x00000000e0000000)
  object space 487936K, 14% used [0x00000000a0000000,0x00000000a43cf8b8,0x00000000bdc80000)
 Metaspace       used 137578K, capacity 144850K, committed 145024K, reserved 1175552K
  class space    used 17939K, capacity 19283K, committed 19328K, reserved 1048576K
}
Event: 8566.494 GC heap before
{Heap before GC invocations=22 (full 4):
 PSYoungGen      total 459776K, used 459756K [0x00000000e0000000, 0x0000000100000000, 0x0000000100000000)
  eden space 399360K, 100% used [0x00000000e0000000,0x00000000f8600000,0x00000000f8600000)
  from space 60416K, 99% used [0x00000000f8600000,0x00000000fc0fb058,0x00000000fc100000)
  to   space 64512K, 0% used [0x00000000fc100000,0x00000000fc100000,0x0000000100000000)
 ParOldGen       total 487936K, used 69438K [0x00000000a0000000, 0x00000000bdc80000, 0x00000000e0000000)
  object space 487936K, 14% used [0x00000000a0000000,0x00000000a43cf8b8,0x00000000bdc80000)
 Metaspace       used 152825K, capacity 160962K, committed 161152K, reserved 1189888K
  class space    used 20094K, capacity 21601K, committed 21632K, reserved 1048576K
Event: 8566.548 GC heap after
Heap after GC invocations=22 (full 4):
 PSYoungGen      total 418816K, used 64501K [0x00000000e0000000, 0x0000000100000000, 0x0000000100000000)
  eden space 354304K, 0% used [0x00000000e0000000,0x00000000e0000000,0x00000000f5a00000)
  from space 64512K, 99% used [0x00000000fc100000,0x00000000ffffd420,0x0000000100000000)
  to   space 84992K, 0% used [0x00000000f5a00000,0x00000000f5a00000,0x00000000fad00000)
 ParOldGen       total 487936K, used 72274K [0x00000000a0000000, 0x00000000bdc80000, 0x00000000e0000000)
  object space 487936K, 14% used [0x00000000a0000000,0x00000000a4694aa8,0x00000000bdc80000)
 Metaspace       used 152825K, capacity 160962K, committed 161152K, reserved 1189888K
  class space    used 20094K, capacity 21601K, committed 21632K, reserved 1048576K
}
Event: 8567.274 GC heap before
{Heap before GC invocations=23 (full 4):
 PSYoungGen      total 418816K, used 199483K [0x00000000e0000000, 0x0000000100000000, 0x0000000100000000)
  eden space 354304K, 38% used [0x00000000e0000000,0x00000000e83d19d0,0x00000000f5a00000)
  from space 64512K, 99% used [0x00000000fc100000,0x00000000ffffd420,0x0000000100000000)
  to   space 84992K, 0% used [0x00000000f5a00000,0x00000000f5a00000,0x00000000fad00000)
 ParOldGen       total 487936K, used 72274K [0x00000000a0000000, 0x00000000bdc80000, 0x00000000e0000000)
  object space 487936K, 14% used [0x00000000a0000000,0x00000000a4694aa8,0x00000000bdc80000)
 Metaspace       used 155663K, capacity 164110K, committed 164160K, reserved 1191936K
  class space    used 20463K, capacity 22007K, committed 22016K, reserved 1048576K
Event: 8567.303 GC heap after
Heap after GC invocations=23 (full 4):
 PSYoungGen      total 423424K, used 69032K [0x00000000e0000000, 0x0000000100000000, 0x0000000100000000)
  eden space 354304K, 0% used [0x00000000e0000000,0x00000000e0000000,0x00000000f5a00000)
  from space 69120K, 99% used [0x00000000f5a00000,0x00000000f9d6a170,0x00000000f9d80000)
  to   space 92160K, 0% used [0x00000000fa600000,0x00000000fa600000,0x0000000100000000)
 ParOldGen       total 487936K, used 72282K [0x00000000a0000000, 0x00000000bdc80000, 0x00000000e0000000)
  object space 487936K, 14% used [0x00000000a0000000,0x00000000a4696aa8,0x00000000bdc80000)
 Metaspace       used 155663K, capacity 164110K, committed 164160K, reserved 1191936K
  class space    used 20463K, capacity 22007K, committed 22016K, reserved 1048576K
}
Event: 8567.303 GC heap before
{Heap before GC invocations=24 (full 5):
 PSYoungGen      total 423424K, used 69032K [0x00000000e0000000, 0x0000000100000000, 0x0000000100000000)
  eden space 354304K, 0% used [0x00000000e0000000,0x00000000e0000000,0x00000000f5a00000)
  from space 69120K, 99% used [0x00000000f5a00000,0x00000000f9d6a170,0x00000000f9d80000)
  to   space 92160K, 0% used [0x00000000fa600000,0x00000000fa600000,0x0000000100000000)
 ParOldGen       total 487936K, used 72282K [0x00000000a0000000, 0x00000000bdc80000, 0x00000000e0000000)
  object space 487936K, 14% used [0x00000000a0000000,0x00000000a4696aa8,0x00000000bdc80000)
 Metaspace       used 155663K, capacity 164110K, committed 164160K, reserved 1191936K
  class space    used 20463K, capacity 22007K, committed 22016K, reserved 1048576K
Event: 8567.659 GC heap after
Heap after GC invocations=24 (full 5):
 PSYoungGen      total 423424K, used 0K [0x00000000e0000000, 0x0000000100000000, 0x0000000100000000)
  eden space 354304K, 0% used [0x00000000e0000000,0x00000000e0000000,0x00000000f5a00000)
  from space 69120K, 0% used [0x00000000f5a00000,0x00000000f5a00000,0x00000000f9d80000)
  to   space 92160K, 0% used [0x00000000fa600000,0x00000000fa600000,0x0000000100000000)
 ParOldGen       total 651264K, used 101253K [0x00000000a0000000, 0x00000000c7c00000, 0x00000000e0000000)
  object space 651264K, 15% used [0x00000000a0000000,0x00000000a62e1448,0x00000000c7c00000)
 Metaspace       used 153668K, capacity 159982K, committed 164160K, reserved 1191936K
  class space    used 20045K, capacity 21244K, committed 22016K, reserved 1048576K
}
Event: 15412.377 GC heap before
{Heap before GC invocations=25 (full 5):
 PSYoungGen      total 423424K, used 354304K [0x00000000e0000000, 0x0000000100000000, 0x0000000100000000)
  eden space 354304K, 100% used [0x00000000e0000000,0x00000000f5a00000,0x00000000f5a00000)
  from space 69120K, 0% used [0x00000000f5a00000,0x00000000f5a00000,0x00000000f9d80000)
  to   space 92160K, 0% used [0x00000000fa600000,0x00000000fa600000,0x0000000100000000)
 ParOldGen       total 651264K, used 101253K [0x00000000a0000000, 0x00000000c7c00000, 0x00000000e0000000)
  object space 651264K, 15% used [0x00000000a0000000,0x00000000a62e1448,0x00000000c7c00000)
 Metaspace       used 164396K, capacity 172408K, committed 173440K, reserved 1200128K
  class space    used 21488K, capacity 22961K, committed 23168K, reserved 1048576K
Event: 15412.512 GC heap after
Heap after GC invocations=25 (full 5):
 PSYoungGen      total 434688K, used 23384K [0x00000000e0000000, 0x0000000100000000, 0x0000000100000000)
  eden space 342528K, 0% used [0x00000000e0000000,0x00000000e0000000,0x00000000f4e80000)
  from space 92160K, 25% used [0x00000000fa600000,0x00000000fbcd6108,0x0000000100000000)
  to   space 89600K, 0% used [0x00000000f4e80000,0x00000000f4e80000,0x00000000fa600000)
 ParOldGen       total 651264K, used 101261K [0x00000000a0000000, 0x00000000c7c00000, 0x00000000e0000000)
  object space 651264K, 15% used [0x00000000a0000000,0x00000000a62e3448,0x00000000c7c00000)
 Metaspace       used 164396K, capacity 172408K, committed 173440K, reserved 1200128K
  class space    used 21488K, capacity 22961K, committed 23168K, reserved 1048576K
}

Deoptimization events (10 events):
Event: 15412.140 Thread 0x000000001b2c3800 Uncommon trap: reason=class_check action=maybe_recompile pc=0x000000000623ac30 method=com.google.common.collect.StandardTable$Row.computeBackingRowMap()Ljava/util/Map; @ 11
Event: 15412.140 Thread 0x000000001b2c3800 Uncommon trap: reason=class_check action=maybe_recompile pc=0x000000000623ac30 method=com.google.common.collect.StandardTable$Row.computeBackingRowMap()Ljava/util/Map; @ 11
Event: 15413.716 Thread 0x000000001f6e6800 Uncommon trap: reason=speculate_class_check action=maybe_recompile pc=0x000000000643c774 method=java.util.EnumMap.get(Ljava/lang/Object;)Ljava/lang/Object; @ 14
Event: 15413.716 Thread 0x000000001f6e6800 Uncommon trap: reason=speculate_class_check action=maybe_recompile pc=0x000000000643c774 method=java.util.EnumMap.get(Ljava/lang/Object;)Ljava/lang/Object; @ 14
Event: 15414.033 Thread 0x000000001b2c3800 Uncommon trap: reason=array_check action=maybe_recompile pc=0x00000000025c3820 method=java.util.ComparableTimSort.mergeHi(IIII)V @ 415
Event: 15414.033 Thread 0x000000001b2c3800 Uncommon trap: reason=array_check action=maybe_recompile pc=0x00000000025c3820 method=java.util.ComparableTimSort.mergeHi(IIII)V @ 415
Event: 15414.224 Thread 0x000000001b2c3800 Uncommon trap: reason=array_check action=maybe_recompile pc=0x000000000398e3d0 method=java.util.ComparableTimSort.mergeHi(IIII)V @ 654
Event: 15414.224 Thread 0x000000001b2c3800 Uncommon trap: reason=array_check action=maybe_recompile pc=0x000000000398e3d0 method=java.util.ComparableTimSort.mergeHi(IIII)V @ 654
Event: 15414.246 Thread 0x000000001b2c3800 Uncommon trap: reason=array_check action=maybe_recompile pc=0x0000000005936444 method=java.util.ComparableTimSort.mergeHi(IIII)V @ 521
Event: 15414.248 Thread 0x000000001b2c3800 Uncommon trap: reason=array_check action=maybe_recompile pc=0x00000000059366fc method=java.util.ComparableTimSort.mergeHi(IIII)V @ 654

Classes redefined (0 events):
No events

Internal exceptions (10 events):
Event: 8568.403 Thread 0x000000002a1f8800 Exception <a 'java/lang/NoSuchMethodError': java.lang.Object.lambda$static$0(Lcom/android/apksig/util/RunnablesProvider;)V> (0x00000000e61b9068) thrown at [D:\src\AOSP-openjdk-cygwin\jdk8u\hotspot\src\share\vm\interpreter\linkResolver.cpp, line 620]
Event: 8568.744 Thread 0x0000000019650000 Exception <a 'sun/nio/fs/WindowsException'> (0x00000000e78dc360) thrown at [D:\src\AOSP-openjdk-cygwin\jdk8u\hotspot\src\share\vm\prims\jni.cpp, line 710]
Event: 8568.797 Thread 0x0000000019648000 Exception <a 'java/lang/NoSuchMethodError': <clinit>> (0x00000000e81a2820) thrown at [D:\src\AOSP-openjdk-cygwin\jdk8u\hotspot\src\share\vm\prims\jni.cpp, line 1614]
Event: 8568.798 Thread 0x0000000019648000 Exception <a 'java/lang/NoSuchMethodError': <clinit>> (0x00000000e81add30) thrown at [D:\src\AOSP-openjdk-cygwin\jdk8u\hotspot\src\share\vm\prims\jni.cpp, line 1614]
Event: 8568.798 Thread 0x0000000019648000 Exception <a 'java/lang/NoSuchMethodError': <clinit>> (0x00000000e8250638) thrown at [D:\src\AOSP-openjdk-cygwin\jdk8u\hotspot\src\share\vm\prims\jni.cpp, line 1614]
Event: 8568.798 Thread 0x0000000019648000 Exception <a 'java/lang/NoSuchMethodError': <clinit>> (0x00000000e826a3c0) thrown at [D:\src\AOSP-openjdk-cygwin\jdk8u\hotspot\src\share\vm\prims\jni.cpp, line 1614]
Event: 8568.799 Thread 0x0000000019648000 Exception <a 'java/lang/NoSuchMethodError': <clinit>> (0x00000000e827b140) thrown at [D:\src\AOSP-openjdk-cygwin\jdk8u\hotspot\src\share\vm\prims\jni.cpp, line 1614]
Event: 15411.141 Thread 0x000000002a1fb800 Exception <a 'sun/nio/fs/WindowsException'> (0x00000000ecb3d570) thrown at [D:\src\AOSP-openjdk-cygwin\jdk8u\hotspot\src\share\vm\prims\jni.cpp, line 710]
Event: 15413.794 Thread 0x000000001f6e6800 Exception <a 'sun/nio/fs/WindowsException'> (0x00000000e3688440) thrown at [D:\src\AOSP-openjdk-cygwin\jdk8u\hotspot\src\share\vm\prims\jni.cpp, line 710]
Event: 15413.794 Thread 0x000000001f6e6800 Exception <a 'sun/nio/fs/WindowsException'> (0x00000000e36888e8) thrown at [D:\src\AOSP-openjdk-cygwin\jdk8u\hotspot\src\share\vm\prims\jni.cpp, line 710]

Events (10 events):
Event: 15414.246 Thread 0x000000001b2c3800 DEOPT PACKING pc=0x0000000005936444 sp=0x00000000312fa9e0
Event: 15414.246 Thread 0x000000001b2c3800 DEOPT UNPACKING pc=0x000000000245557b sp=0x00000000312fa9c8 mode 2
Event: 15414.248 Thread 0x000000001b2c3800 Uncommon trap: trap_request=0xffffffd6 fr.pc=0x00000000059366fc
Event: 15414.248 Thread 0x000000001b2c3800 DEOPT PACKING pc=0x00000000059366fc sp=0x00000000312fa9e0
Event: 15414.248 Thread 0x000000001b2c3800 DEOPT UNPACKING pc=0x000000000245557b sp=0x00000000312fa9c8 mode 2
Event: 15414.298 Executing VM operation: ForceSafepoint
Event: 15414.299 Executing VM operation: ForceSafepoint done
Event: 15414.332 Executing VM operation: RevokeBias
Event: 15414.333 Executing VM operation: RevokeBias done
Event: 15414.360 Thread 0x000000001964a000 Thread added: 0x000000001964a000


Dynamic libraries:
0x00007ff722650000 - 0x00007ff722681000 	C:\Program Files\Android\Android Studio\jre\bin\java.exe
0x00007ffa0bea0000 - 0x00007ffa0c090000 	C:\Windows\SYSTEM32\ntdll.dll
0x00007ffa0b560000 - 0x00007ffa0b612000 	C:\Windows\System32\KERNEL32.DLL
0x00007ffa09980000 - 0x00007ffa09c23000 	C:\Windows\System32\KERNELBASE.dll
0x00007ffa0a980000 - 0x00007ffa0aa23000 	C:\Windows\System32\ADVAPI32.dll
0x00007ffa0a570000 - 0x00007ffa0a60e000 	C:\Windows\System32\msvcrt.dll
0x00007ffa0bcc0000 - 0x00007ffa0bd57000 	C:\Windows\System32\sechost.dll
0x00007ffa0a860000 - 0x00007ffa0a980000 	C:\Windows\System32\RPCRT4.dll
0x00007ffa0a6c0000 - 0x00007ffa0a854000 	C:\Windows\System32\USER32.dll
0x00007ffa09e70000 - 0x00007ffa09e91000 	C:\Windows\System32\win32u.dll
0x00007ffa0bd60000 - 0x00007ffa0bd86000 	C:\Windows\System32\GDI32.dll
0x00007ffa09c30000 - 0x00007ffa09dc4000 	C:\Windows\System32\gdi32full.dll
0x00007ffa09dd0000 - 0x00007ffa09e6e000 	C:\Windows\System32\msvcp_win.dll
0x00007ffa09720000 - 0x00007ffa0981a000 	C:\Windows\System32\ucrtbase.dll
0x00007ff9e3f10000 - 0x00007ff9e4195000 	C:\Windows\WinSxS\amd64_microsoft.windows.common-controls_6595b64144ccf1df_6.0.18362.418_none_e6c6b287130d565d\COMCTL32.dll
0x00007ffa0a230000 - 0x00007ffa0a566000 	C:\Windows\System32\combase.dll
0x00007ffa09ed0000 - 0x00007ffa09f50000 	C:\Windows\System32\bcryptPrimitives.dll
0x00007ffa0a0b0000 - 0x00007ffa0a0de000 	C:\Windows\System32\IMM32.DLL
0x0000000050e90000 - 0x0000000050f62000 	C:\Program Files\Android\Android Studio\jre\jre\bin\msvcr100.dll
0x0000000051130000 - 0x0000000051976000 	C:\Program Files\Android\Android Studio\jre\jre\bin\server\jvm.dll
0x00007ffa0a0e0000 - 0x00007ffa0a0e8000 	C:\Windows\System32\PSAPI.DLL
0x00007ffa036d0000 - 0x00007ffa036da000 	C:\Windows\SYSTEM32\VERSION.dll
0x00007ffa067a0000 - 0x00007ffa067c4000 	C:\Windows\SYSTEM32\WINMM.dll
0x00007ffa067d0000 - 0x00007ffa067d9000 	C:\Windows\SYSTEM32\WSOCK32.dll
0x00007ffa0ab50000 - 0x00007ffa0abbf000 	C:\Windows\System32\WS2_32.dll
0x00007ffa06770000 - 0x00007ffa0679d000 	C:\Windows\SYSTEM32\winmmbase.dll
0x00007ffa098d0000 - 0x00007ffa0991a000 	C:\Windows\System32\cfgmgr32.dll
0x00007ffa04f20000 - 0x00007ffa04f2f000 	C:\Program Files\Android\Android Studio\jre\jre\bin\verify.dll
0x00007ff9e8420000 - 0x00007ff9e8449000 	C:\Program Files\Android\Android Studio\jre\jre\bin\java.dll
0x00007ff9e55e0000 - 0x00007ff9e55f6000 	C:\Program Files\Android\Android Studio\jre\jre\bin\zip.dll
0x00007ffa0adf0000 - 0x00007ffa0b4d5000 	C:\Windows\System32\SHELL32.dll
0x00007ffa0a610000 - 0x00007ffa0a6b9000 	C:\Windows\System32\shcore.dll
0x00007ffa08e50000 - 0x00007ffa095cf000 	C:\Windows\System32\windows.storage.dll
0x00007ffa08da0000 - 0x00007ffa08dbf000 	C:\Windows\System32\profapi.dll
0x00007ffa08de0000 - 0x00007ffa08e2a000 	C:\Windows\System32\powrprof.dll
0x00007ffa08d70000 - 0x00007ffa08d80000 	C:\Windows\System32\UMPDC.dll
0x00007ffa09fd0000 - 0x00007ffa0a022000 	C:\Windows\System32\shlwapi.dll
0x00007ffa08d80000 - 0x00007ffa08d91000 	C:\Windows\System32\kernel.appcore.dll
0x00007ffa08e30000 - 0x00007ffa08e47000 	C:\Windows\System32\cryptsp.dll
0x00007ff9e5570000 - 0x00007ff9e558a000 	C:\Program Files\Android\Android Studio\jre\jre\bin\net.dll
0x00007ff9f5620000 - 0x00007ff9f57f6000 	C:\Windows\SYSTEM32\urlmon.dll
0x00007ff9f6b10000 - 0x00007ff9f6db6000 	C:\Windows\SYSTEM32\iertutil.dll
0x00007ffa087b0000 - 0x00007ffa087bc000 	C:\Windows\SYSTEM32\CRYPTBASE.DLL
0x00007ffa085e0000 - 0x00007ffa08647000 	C:\Windows\system32\mswsock.dll
0x00007ff9e5190000 - 0x00007ff9e51a3000 	C:\Program Files\Android\Android Studio\jre\jre\bin\nio.dll
0x00007ff9c78b0000 - 0x00007ff9c78d6000 	C:\Users\BANY A7X\.gradle\native\30\windows-amd64\native-platform.dll
0x00007ffa04f10000 - 0x00007ffa04f1d000 	C:\Program Files\Android\Android Studio\jre\jre\bin\management.dll
0x00007ffa08150000 - 0x00007ffa08183000 	C:\Windows\system32\rsaenh.dll
0x00007ffa09ea0000 - 0x00007ffa09ec6000 	C:\Windows\System32\bcrypt.dll
0x00007ffa08c60000 - 0x00007ffa08c85000 	C:\Windows\SYSTEM32\USERENV.dll
0x00007ffa082f0000 - 0x00007ffa0832a000 	C:\Windows\SYSTEM32\IPHLPAPI.DLL
0x00007ffa0b4e0000 - 0x00007ffa0b4e8000 	C:\Windows\System32\NSI.dll
0x00007ffa06b50000 - 0x00007ffa06b66000 	C:\Windows\SYSTEM32\dhcpcsvc6.DLL
0x00007ffa06a80000 - 0x00007ffa06a9c000 	C:\Windows\SYSTEM32\dhcpcsvc.DLL
0x00007ffa08330000 - 0x00007ffa083fa000 	C:\Windows\SYSTEM32\DNSAPI.dll
0x00007ff9e84f0000 - 0x00007ff9e8514000 	C:\Program Files\Android\Android Studio\jre\jre\bin\sunec.dll
0x00007ff9f7430000 - 0x00007ff9f743a000 	C:\Windows\System32\rasadhlp.dll
0x00007ffa04e50000 - 0x00007ffa04ec7000 	C:\Windows\System32\fwpuclnt.dll
0x00007ffa02480000 - 0x00007ffa0248b000 	C:\Program Files\Android\Android Studio\jre\jre\bin\sunmscapi.dll
0x00007ffa095d0000 - 0x00007ffa09719000 	C:\Windows\System32\CRYPT32.dll
0x00007ffa08dc0000 - 0x00007ffa08dd2000 	C:\Windows\System32\MSASN1.dll
0x00007ffa07ee0000 - 0x00007ffa07f11000 	C:\Windows\SYSTEM32\ntmarta.dll

VM Arguments:
jvm_args: -Xmx1536m -Dfile.encoding=windows-1252 -Duser.country=US -Duser.language=en -Duser.variant 
java_command: org.gradle.launcher.daemon.bootstrap.GradleDaemon 5.6.4
java_class_path (initial): C:\Users\BANY A7X\.gradle\wrapper\dists\gradle-5.6.4-all\ankdp27end7byghfw1q2sw75f\gradle-5.6.4\lib\gradle-launcher-5.6.4.jar
Launcher Type: SUN_STANDARD

Environment Variables:
PATH=C:\Program Files (x86)\Common Files\Intel\Shared Files\cpp\bin\Intel64;C:\Python27\;C:\Python27\Scripts;C:\Program Files (x86)\Common Files\Intel\Shared Libraries\redist\intel64\compiler;C:\Program Files\AdoptOpenJDK\jdk-12.0.1.12-hotspot\bin;C:\Program Files (x86)\Common Files\Oracle\Java\javapath;C:\ProgramData\Oracle\Java\javapath;C:\Windows\system32;C:\Windows;C:\Windows\System32\Wbem;C:\Windows\System32\WindowsPowerShell\v1.0\;C:\Windows\System32\OpenSSH\;C:\Program Files\dotnet\;C:\WINDOWS\system32;C:\WINDOWS;C:\WINDOWS\System32\Wbem;C:\WINDOWS\System32\WindowsPowerShell\v1.0\;C:\WINDOWS\System32\OpenSSH\;C:\Program Files (x86)\NVIDIA Corporation\PhysX\Common;C:\Program Files\Git\cmd;C:\xampp\php;C:\composer;C:\Program Files\nodejs\;C:\ProgramData\chocolatey\bin;C:\Program Files\Microsoft SQL Server\130\Tools\Binn\;C:\Program Files\NVIDIA Corporation\NVIDIA NvDLISR;C:\Program Files\Microsoft SQL Server\Client SDK\ODBC\170\Tools\Binn\;%JAVA_HOME%\bin;%JAVA_HOME%\bin\client;%JAVA_HOME%\lib\tools. jar; C:\Program Files\PostgreSQL\12\bin;C:\Users\BANY A7X\AppData\Roaming\npm;C:\Users\BANY A7X\AppData\Roaming\Composer\vendor\bin;C:\Users\BANY A7X\AppData\Local\GitHubDesktop\bin;C:\Users\BANY A7X\AppData\Roaming\Dashlane\4.6.6.23032\bin\Firefox_Extension\{442718d9-475e-452a-b3e1-fb1ee16b8e9f}\components;C:\Users\BANY A7X\AppData\Local\atom\bin;C:\Program Files (x86)\Nmap;C:\Program Files (x86)\Jar2Exe Wizard\;C:\Users\BANY A7X\AppData\Local\Programs\Microsoft VS Code\bin
USERNAME=BANY A7X
OS=Windows_NT
PROCESSOR_IDENTIFIER=Intel64 Family 6 Model 158 Stepping 9, GenuineIntel



---------------  S Y S T E M  ---------------

OS: Windows 10.0 , 64 bit Build 18362 (10.0.18362.329)

CPU:total 8 (initial active 8) (4 cores per cpu, 2 threads per core) family 6 model 158 stepping 9, cmov, cx8, fxsr, mmx, sse, sse2, sse3, ssse3, sse4.1, sse4.2, popcnt, avx, avx2, aes, clmul, erms, 3dnowpref, lzcnt, ht, tsc, tscinvbit, bmi1, bmi2, adx

Memory: 4k page, physical 25042172k(8361120k free), swap 28941564k(2412k free)

vm_info: OpenJDK 64-Bit Server VM (25.212-b04) for windows-amd64 JRE (1.8.0_212-release-1586-b04), built by "builder" with MS VC++ 10.0 (VS2010)

time: Tue Apr 28 07:00:52 2020
timezone: SE Asia Standard Time
elapsed time: 15414 seconds (0d 4h 16m 54s)

